1.0 0.0377557
1.4 0.0383635
1.96 0.0378376
2.744 0.0377901
3.8416 0.0384167
5.37824 0.0374443
7.529536 0.0378257
10.5413504 0.037528
14.75789056 0.0381256
20.661046784 0.0381562
28.9254654976 0.0374449
40.4956516966 0.0380195
56.6939123753 0.0381458
79.3714773254 0.0377975
111.120068256 0.0381327
155.568095558 0.0377698
217.795333781 0.0374168
304.913467293 0.0377849
426.878854211 0.0390735
597.630395895 0.038791
836.682554253 0.0356541
1171.35557595 0.0322207
1639.89780634 0.0250987
2295.85692887 0.0217177
3214.19970042 0.0176363
4499.87958058 0.014876
